nohup: ignoring input
run unit tests? false
config network: "files/models/resnet18-cifar10-norelu.json"
network filename: files/models/resnet18-cifar10-norelu.json
----------------------------------------------
(1) CNN Layer		  32 x 32 x 3
			  3 x 3  	(Filter Size)
			  1 , 1 	(Stride, padding)
			  256		(Batch Size)
			  32 x 32 x 16 	(Output)
----------------------------------------------
(2) LN Layer		  16384 x 256
----------------------------------------------
(3) Res Layer

			  256		(BatchSize)		2		(Num Blocks)
			  16		(In Planes)		16		(Planes)
			  1		(Stride)		1		(Expansion)
----------------------------------------------
(2001) CNN Layer		  32 x 32 x 16
			  3 x 3  	(Filter Size)
			  1 , 1 	(Stride, padding)
			  256		(Batch Size)
			  32 x 32 x 16 	(Output)
----------------------------------------------
(2002) LN Layer		  16384 x 256
----------------------------------------------
(2003) ReLU Layer		  256 x 16384
----------------------------------------------
(2004) CNN Layer		  32 x 32 x 16
			  3 x 3  	(Filter Size)
			  1 , 1 	(Stride, padding)
			  256		(Batch Size)
			  32 x 32 x 16 	(Output)
----------------------------------------------
(2005) LN Layer		  16384 x 256
----------------------------------------------
(2006) ReLU Layer		  256 x 16384
----------------------------------------------
(2007) CNN Layer		  32 x 32 x 16
			  3 x 3  	(Filter Size)
			  1 , 1 	(Stride, padding)
			  256		(Batch Size)
			  32 x 32 x 16 	(Output)
----------------------------------------------
(2008) LN Layer		  16384 x 256
----------------------------------------------
(2009) ReLU Layer		  256 x 16384
----------------------------------------------
(2010) CNN Layer		  32 x 32 x 16
			  3 x 3  	(Filter Size)
			  1 , 1 	(Stride, padding)
			  256		(Batch Size)
			  32 x 32 x 16 	(Output)
----------------------------------------------
(2011) LN Layer		  16384 x 256
----------------------------------------------
(2012) ReLU Layer		  256 x 16384
----------------------------------------------
(4) Res Layer

			  256		(BatchSize)		2		(Num Blocks)
			  16		(In Planes)		32		(Planes)
			  2		(Stride)		1		(Expansion)
----------------------------------------------
(3001) CNN Layer		  32 x 32 x 16
			  3 x 3  	(Filter Size)
			  2 , 1 	(Stride, padding)
			  256		(Batch Size)
			  16 x 16 x 32 	(Output)
----------------------------------------------
(3004) LN Layer		  8192 x 256
----------------------------------------------
(3005) ReLU Layer		  256 x 8192
----------------------------------------------
(3006) CNN Layer		  16 x 16 x 32
			  3 x 3  	(Filter Size)
			  1 , 1 	(Stride, padding)
			  256		(Batch Size)
			  16 x 16 x 32 	(Output)
----------------------------------------------
(3007) LN Layer		  8192 x 256
----------------------------------------------
(3002) CNN Layer		  32 x 32 x 16
			  1 x 1  	(Filter Size)
			  2 , 0 	(Stride, padding)
			  256		(Batch Size)
			  16 x 16 x 32 	(Output)
----------------------------------------------
(3003) LN Layer		  8192 x 256
----------------------------------------------
(3008) ReLU Layer		  256 x 8192
----------------------------------------------
(3009) CNN Layer		  16 x 16 x 32
			  3 x 3  	(Filter Size)
			  1 , 1 	(Stride, padding)
			  256		(Batch Size)
			  16 x 16 x 32 	(Output)
----------------------------------------------
(3010) LN Layer		  8192 x 256
----------------------------------------------
(3011) ReLU Layer		  256 x 8192
----------------------------------------------
(3012) CNN Layer		  16 x 16 x 32
			  3 x 3  	(Filter Size)
			  1 , 1 	(Stride, padding)
			  256		(Batch Size)
			  16 x 16 x 32 	(Output)
----------------------------------------------
(3013) LN Layer		  8192 x 256
----------------------------------------------
(3014) ReLU Layer		  256 x 8192
----------------------------------------------
(5) Res Layer

			  256		(BatchSize)		2		(Num Blocks)
			  32		(In Planes)		64		(Planes)
			  2		(Stride)		1		(Expansion)
----------------------------------------------
(4001) CNN Layer		  16 x 16 x 32
			  3 x 3  	(Filter Size)
			  2 , 1 	(Stride, padding)
			  256		(Batch Size)
			  8 x 8 x 64 	(Output)
----------------------------------------------
(4004) LN Layer		  4096 x 256
----------------------------------------------
(4005) ReLU Layer		  256 x 4096
----------------------------------------------
(4006) CNN Layer		  8 x 8 x 64
			  3 x 3  	(Filter Size)
			  1 , 1 	(Stride, padding)
			  256		(Batch Size)
			  8 x 8 x 64 	(Output)
----------------------------------------------
(4007) LN Layer		  4096 x 256
----------------------------------------------
(4002) CNN Layer		  16 x 16 x 32
			  1 x 1  	(Filter Size)
			  2 , 0 	(Stride, padding)
			  256		(Batch Size)
			  8 x 8 x 64 	(Output)
----------------------------------------------
(4003) LN Layer		  4096 x 256
----------------------------------------------
(4008) ReLU Layer		  256 x 4096
----------------------------------------------
(4009) CNN Layer		  8 x 8 x 64
			  3 x 3  	(Filter Size)
			  1 , 1 	(Stride, padding)
			  256		(Batch Size)
			  8 x 8 x 64 	(Output)
----------------------------------------------
(4010) LN Layer		  4096 x 256
----------------------------------------------
(4011) ReLU Layer		  256 x 4096
----------------------------------------------
(4012) CNN Layer		  8 x 8 x 64
			  3 x 3  	(Filter Size)
			  1 , 1 	(Stride, padding)
			  256		(Batch Size)
			  8 x 8 x 64 	(Output)
----------------------------------------------
(4013) LN Layer		  4096 x 256
----------------------------------------------
(4014) ReLU Layer		  256 x 4096
----------------------------------------------
(6) Res Layer

			  256		(BatchSize)		2		(Num Blocks)
			  64		(In Planes)		128		(Planes)
			  2		(Stride)		1		(Expansion)
----------------------------------------------
(5001) CNN Layer		  8 x 8 x 64
			  3 x 3  	(Filter Size)
			  2 , 1 	(Stride, padding)
			  256		(Batch Size)
			  4 x 4 x 128 	(Output)
----------------------------------------------
(5004) LN Layer		  2048 x 256
----------------------------------------------
(5005) ReLU Layer		  256 x 2048
----------------------------------------------
(5006) CNN Layer		  4 x 4 x 128
			  3 x 3  	(Filter Size)
			  1 , 1 	(Stride, padding)
			  256		(Batch Size)
			  4 x 4 x 128 	(Output)
----------------------------------------------
(5007) LN Layer		  2048 x 256
----------------------------------------------
(5002) CNN Layer		  8 x 8 x 64
			  1 x 1  	(Filter Size)
			  2 , 0 	(Stride, padding)
			  256		(Batch Size)
			  4 x 4 x 128 	(Output)
----------------------------------------------
(5003) LN Layer		  2048 x 256
----------------------------------------------
(5008) ReLU Layer		  256 x 2048
----------------------------------------------
(5009) CNN Layer		  4 x 4 x 128
			  3 x 3  	(Filter Size)
			  1 , 1 	(Stride, padding)
			  256		(Batch Size)
			  4 x 4 x 128 	(Output)
----------------------------------------------
(5010) LN Layer		  2048 x 256
----------------------------------------------
(5011) ReLU Layer		  256 x 2048
----------------------------------------------
(5012) CNN Layer		  4 x 4 x 128
			  3 x 3  	(Filter Size)
			  1 , 1 	(Stride, padding)
			  256		(Batch Size)
			  4 x 4 x 128 	(Output)
----------------------------------------------
(5013) LN Layer		  2048 x 256
----------------------------------------------
(5014) ReLU Layer		  256 x 2048
----------------------------------------------
(7) Averagepool Layer	  4 x 4 x 128
			  4  		(Pooling Size)
			  1 		(Stride)
			  256		(Batch Size)
----------------------------------------------
(8) FC Layer		  128 x 10
			  256		 (Batch Size)
TRAINING, EPOCHS = 1 ITERATIONS = 10
epoch,0
total time (s),546.584039
total tx comm (MB),116459.896240
total rx comm (MB),116459.896240
train accuracy,0.102344
test accuracy,0.100260
test accuracy,0.100260
